0 info it worked if it ends with ok
1 verbose cli [ '/usr/local/bin/node', '/usr/local/bin/npm', 'audit', 'fix' ]
2 info using npm@6.14.15
3 info using node@v12.22.6
4 verbose config Skipping project config: /home/ubuntu/.npmrc. (matches userconfig)
5 verbose npm-session 539b452f7ce7e486
6 verbose stack Error: No package.json found: Cannot audit a project without a package.json
6 verbose stack     at /usr/local/lib/node_modules/npm/lib/audit.js:164:19
6 verbose stack     at tryCatcher (/usr/local/lib/node_modules/npm/node_modules/bluebird/js/release/util.js:16:23)
6 verbose stack     at Promise._settlePromiseFromHandler (/usr/local/lib/node_modules/npm/node_modules/bluebird/js/release/promise.js:514:35)
6 verbose stack     at Promise._settlePromise (/usr/local/lib/node_modules/npm/node_modules/bluebird/js/release/promise.js:574:18)
6 verbose stack     at Promise._settlePromise0 (/usr/local/lib/node_modules/npm/node_modules/bluebird/js/release/promise.js:619:10)
6 verbose stack     at Promise._settlePromises (/usr/local/lib/node_modules/npm/node_modules/bluebird/js/release/promise.js:699:18)
6 verbose stack     at Promise._fulfill (/usr/local/lib/node_modules/npm/node_modules/bluebird/js/release/promise.js:643:18)
6 verbose stack     at PromiseArray._resolve (/usr/local/lib/node_modules/npm/node_modules/bluebird/js/release/promise_array.js:126:19)
6 verbose stack     at PromiseArray._promiseFulfilled (/usr/local/lib/node_modules/npm/node_modules/bluebird/js/release/promise_array.js:144:14)
6 verbose stack     at PromiseArray._iterate (/usr/local/lib/node_modules/npm/node_modules/bluebird/js/release/promise_array.js:114:31)
6 verbose stack     at PromiseArray.init [as _init] (/usr/local/lib/node_modules/npm/node_modules/bluebird/js/release/promise_array.js:78:10)
6 verbose stack     at Promise._settlePromise (/usr/local/lib/node_modules/npm/node_modules/bluebird/js/release/promise.js:571:21)
6 verbose stack     at Promise._settlePromise0 (/usr/local/lib/node_modules/npm/node_modules/bluebird/js/release/promise.js:619:10)
6 verbose stack     at Promise._settlePromises (/usr/local/lib/node_modules/npm/node_modules/bluebird/js/release/promise.js:699:18)
6 verbose stack     at Promise._fulfill (/usr/local/lib/node_modules/npm/node_modules/bluebird/js/release/promise.js:643:18)
6 verbose stack     at PromiseArray._resolve (/usr/local/lib/node_modules/npm/node_modules/bluebird/js/release/promise_array.js:126:19)
7 verbose cwd /home/ubuntu
8 verbose Linux 5.4.226-129.415.amzn2.x86_64
9 verbose argv "/usr/local/bin/node" "/usr/local/bin/npm" "audit" "fix"
10 verbose node v12.22.6
11 verbose npm  v6.14.15
12 error code EAUDITNOPJSON
13 error audit No package.json found: Cannot audit a project without a package.json
14 verbose exit [ 1, true ]
